The system is: Linux - 4.19.0-kali3-amd64 - x86_64
Compiling the C compiler identification source file "CMakeCCompilerId.c" succeeded.
Compiler: /usr/bin/cc 
Build flags: 
Id flags:  

The output was:
0


Compilation of the C compiler identification source "CMakeCCompilerId.c" produced "a.out"

The C compiler identification is GNU, found in "/home/vertrigo/Desktop/OPENGL/icmc-cg/build/glfw/src/glfw-build/CMakeFiles/3.13.4/CompilerIdC/a.out"

Determining if the C compiler works passed with the following output:
Change Dir: /home/vertrigo/Desktop/OPENGL/icmc-cg/build/glfw/src/glfw-build/CMakeFiles/CMakeTmp

Run Build Command:"/usr/bin/make" "cmTC_75c74/fast"
make[3]: Entering directory '/home/vertrigo/Desktop/OPENGL/icmc-cg/build/glfw/src/glfw-build/CMakeFiles/CMakeTmp'
/usr/bin/make -f CMakeFiles/cmTC_75c74.dir/build.make CMakeFiles/cmTC_75c74.dir/build
make[4]: Entering directory '/home/vertrigo/Desktop/OPENGL/icmc-cg/build/glfw/src/glfw-build/CMakeFiles/CMakeTmp'
Building C object CMakeFiles/cmTC_75c74.dir/testCCompiler.c.o
/usr/bin/cc    -o CMakeFiles/cmTC_75c74.dir/testCCompiler.c.o   -c /home/vertrigo/Desktop/OPENGL/icmc-cg/build/glfw/src/glfw-build/CMakeFiles/CMakeTmp/testCCompiler.c
Linking C executable cmTC_75c74
/usr/bin/cmake -E cmake_link_script CMakeFiles/cmTC_75c74.dir/link.txt --verbose=1
/usr/bin/cc      -rdynamic CMakeFiles/cmTC_75c74.dir/testCCompiler.c.o  -o cmTC_75c74 
make[4]: Leaving directory '/home/vertrigo/Desktop/OPENGL/icmc-cg/build/glfw/src/glfw-build/CMakeFiles/CMakeTmp'
make[3]: Leaving directory '/home/vertrigo/Desktop/OPENGL/icmc-cg/build/glfw/src/glfw-build/CMakeFiles/CMakeTmp'


Detecting C compiler ABI info compiled with the following output:
Change Dir: /home/vertrigo/Desktop/OPENGL/icmc-cg/build/glfw/src/glfw-build/CMakeFiles/CMakeTmp

Run Build Command:"/usr/bin/make" "cmTC_501ea/fast"
make[3]: Entering directory '/home/vertrigo/Desktop/OPENGL/icmc-cg/build/glfw/src/glfw-build/CMakeFiles/CMakeTmp'
/usr/bin/make -f CMakeFiles/cmTC_501ea.dir/build.make CMakeFiles/cmTC_501ea.dir/build
make[4]: Entering directory '/home/vertrigo/Desktop/OPENGL/icmc-cg/build/glfw/src/glfw-build/CMakeFiles/CMakeTmp'
Building C object CMakeFiles/cmTC_501ea.dir/CMakeCCompilerABI.c.o
/usr/bin/cc    -o CMakeFiles/cmTC_501ea.dir/CMakeCCompilerABI.c.o   -c /usr/share/cmake-3.13/Modules/CMakeCCompilerABI.c
Linking C executable cmTC_501ea
/usr/bin/cmake -E cmake_link_script CMakeFiles/cmTC_501ea.dir/link.txt --verbose=1
/usr/bin/cc     -v -rdynamic CMakeFiles/cmTC_501ea.dir/CMakeCCompilerABI.c.o  -o cmTC_501ea 
Using built-in specs.
COLLECT_GCC=/usr/bin/cc
COLLECT_LTO_WRAPPER=/usr/lib/gcc/x86_64-linux-gnu/8/lto-wrapper
OFFLOAD_TARGET_NAMES=nvptx-none
OFFLOAD_TARGET_DEFAULT=1
Target: x86_64-linux-gnu
Configured with: ../src/configure -v --with-pkgversion='Debian 8.2.0-14' --with-bugurl=file:///usr/share/doc/gcc-8/README.Bugs --enable-languages=c,ada,c++,go,brig,d,fortran,objc,obj-c++ --prefix=/usr --with-gcc-major-version-only --program-suffix=-8 --program-prefix=x86_64-linux-gnu- --enable-shared --enable-linker-build-id --libexecdir=/usr/lib --without-included-gettext --enable-threads=posix --libdir=/usr/lib --enable-nls --enable-clocale=gnu --enable-libstdcxx-debug --enable-libstdcxx-time=yes --with-default-libstdcxx-abi=new --enable-gnu-unique-object --disable-vtable-verify --enable-libmpx --enable-plugin --enable-default-pie --with-system-zlib --with-target-system-zlib --enable-objc-gc=auto --enable-multiarch --disable-werror --with-arch-32=i686 --with-abi=m64 --with-multilib-list=m32,m64,mx32 --enable-multilib --with-tune=generic --enable-offload-targets=nvptx-none --without-cuda-driver --enable-checking=release --build=x86_64-linux-gnu --host=x86_64-linux-gnu --target=x86_64-linux-gnu
Thread model: posix
gcc version 8.2.0 (Debian 8.2.0-14) 
COMPILER_PATH=/usr/lib/gcc/x86_64-linux-gnu/8/:/usr/lib/gcc/x86_64-linux-gnu/8/:/usr/lib/gcc/x86_64-linux-gnu/:/usr/lib/gcc/x86_64-linux-gnu/8/:/usr/lib/gcc/x86_64-linux-gnu/
LIBRARY_PATH=/usr/lib/gcc/x86_64-linux-gnu/8/:/usr/lib/gcc/x86_64-linux-gnu/8/../../../x86_64-linux-gnu/:/usr/lib/gcc/x86_64-linux-gnu/8/../../../../lib/:/lib/x86_64-linux-gnu/:/lib/../lib/:/usr/lib/x86_64-linux-gnu/:/usr/lib/../lib/:/usr/lib/gcc/x86_64-linux-gnu/8/../../../:/lib/:/usr/lib/
COLLECT_GCC_OPTIONS='-v' '-rdynamic' '-o' 'cmTC_501ea' '-mtune=generic' '-march=x86-64'
 /usr/lib/gcc/x86_64-linux-gnu/8/collect2 -plugin /usr/lib/gcc/x86_64-linux-gnu/8/liblto_plugin.so -plugin-opt=/usr/lib/gcc/x86_64-linux-gnu/8/lto-wrapper -plugin-opt=-fresolution=/tmp/cciUdWYQ.res -plugin-opt=-pass-through=-lgcc -plugin-opt=-pass-through=-lgcc_s -plugin-opt=-pass-through=-lc -plugin-opt=-pass-through=-lgcc -plugin-opt=-pass-through=-lgcc_s --build-id --eh-frame-hdr -m elf_x86_64 --hash-style=gnu -export-dynamic -dynamic-linker /lib64/ld-linux-x86-64.so.2 -pie -o cmTC_501ea /usr/lib/gcc/x86_64-linux-gnu/8/../../../x86_64-linux-gnu/Scrt1.o /usr/lib/gcc/x86_64-linux-gnu/8/../../../x86_64-linux-gnu/crti.o /usr/lib/gcc/x86_64-linux-gnu/8/crtbeginS.o -L/usr/lib/gcc/x86_64-linux-gnu/8 -L/usr/lib/gcc/x86_64-linux-gnu/8/../../../x86_64-linux-gnu -L/usr/lib/gcc/x86_64-linux-gnu/8/../../../../lib -L/lib/x86_64-linux-gnu -L/lib/../lib -L/usr/lib/x86_64-linux-gnu -L/usr/lib/../lib -L/usr/lib/gcc/x86_64-linux-gnu/8/../../.. CMakeFiles/cmTC_501ea.dir/CMakeCCompilerABI.c.o -lgcc --push-state --as-needed -lgcc_s --pop-state -lc -lgcc --push-state --as-needed -lgcc_s --pop-state /usr/lib/gcc/x86_64-linux-gnu/8/crtendS.o /usr/lib/gcc/x86_64-linux-gnu/8/../../../x86_64-linux-gnu/crtn.o
COLLECT_GCC_OPTIONS='-v' '-rdynamic' '-o' 'cmTC_501ea' '-mtune=generic' '-march=x86-64'
make[4]: Leaving directory '/home/vertrigo/Desktop/OPENGL/icmc-cg/build/glfw/src/glfw-build/CMakeFiles/CMakeTmp'
make[3]: Leaving directory '/home/vertrigo/Desktop/OPENGL/icmc-cg/build/glfw/src/glfw-build/CMakeFiles/CMakeTmp'


Parsed C implicit link information from above output:
  link line regex: [^( *|.*[/\])(ld|CMAKE_LINK_STARTFILE-NOTFOUND|([^/\]+-)?ld|collect2)[^/\]*( |$)]
  ignore line: [Change Dir: /home/vertrigo/Desktop/OPENGL/icmc-cg/build/glfw/src/glfw-build/CMakeFiles/CMakeTmp]
  ignore line: []
  ignore line: [Run Build Command:"/usr/bin/make" "cmTC_501ea/fast"]
  ignore line: [make[3]: Entering directory '/home/vertrigo/Desktop/OPENGL/icmc-cg/build/glfw/src/glfw-build/CMakeFiles/CMakeTmp']
  ignore line: [/usr/bin/make -f CMakeFiles/cmTC_501ea.dir/build.make CMakeFiles/cmTC_501ea.dir/build]
  ignore line: [make[4]: Entering directory '/home/vertrigo/Desktop/OPENGL/icmc-cg/build/glfw/src/glfw-build/CMakeFiles/CMakeTmp']
  ignore line: [Building C object CMakeFiles/cmTC_501ea.dir/CMakeCCompilerABI.c.o]
  ignore line: [/usr/bin/cc    -o CMakeFiles/cmTC_501ea.dir/CMakeCCompilerABI.c.o   -c /usr/share/cmake-3.13/Modules/CMakeCCompilerABI.c]
  ignore line: [Linking C executable cmTC_501ea]
  ignore line: [/usr/bin/cmake -E cmake_link_script CMakeFiles/cmTC_501ea.dir/link.txt --verbose=1]
  ignore line: [/usr/bin/cc     -v -rdynamic CMakeFiles/cmTC_501ea.dir/CMakeCCompilerABI.c.o  -o cmTC_501ea ]
  ignore line: [Using built-in specs.]
  ignore line: [COLLECT_GCC=/usr/bin/cc]
  ignore line: [COLLECT_LTO_WRAPPER=/usr/lib/gcc/x86_64-linux-gnu/8/lto-wrapper]
  ignore line: [OFFLOAD_TARGET_NAMES=nvptx-none]
  ignore line: [OFFLOAD_TARGET_DEFAULT=1]
  ignore line: [Target: x86_64-linux-gnu]
  ignore line: [Configured with: ../src/configure -v --with-pkgversion='Debian 8.2.0-14' --with-bugurl=file:///usr/share/doc/gcc-8/README.Bugs --enable-languages=c,ada,c++,go,brig,d,fortran,objc,obj-c++ --prefix=/usr --with-gcc-major-version-only --program-suffix=-8 --program-prefix=x86_64-linux-gnu- --enable-shared --enable-linker-build-id --libexecdir=/usr/lib --without-included-gettext --enable-threads=posix --libdir=/usr/lib --enable-nls --enable-clocale=gnu --enable-libstdcxx-debug --enable-libstdcxx-time=yes --with-default-libstdcxx-abi=new --enable-gnu-unique-object --disable-vtable-verify --enable-libmpx --enable-plugin --enable-default-pie --with-system-zlib --with-target-system-zlib --enable-objc-gc=auto --enable-multiarch --disable-werror --with-arch-32=i686 --with-abi=m64 --with-multilib-list=m32,m64,mx32 --enable-multilib --with-tune=generic --enable-offload-targets=nvptx-none --without-cuda-driver --enable-checking=release --build=x86_64-linux-gnu --host=x86_64-linux-gnu --target=x86_64-linux-gnu]
  ignore line: [Thread model: posix]
  ignore line: [gcc version 8.2.0 (Debian 8.2.0-14) ]
  ignore line: [COMPILER_PATH=/usr/lib/gcc/x86_64-linux-gnu/8/:/usr/lib/gcc/x86_64-linux-gnu/8/:/usr/lib/gcc/x86_64-linux-gnu/:/usr/lib/gcc/x86_64-linux-gnu/8/:/usr/lib/gcc/x86_64-linux-gnu/]
  ignore line: [LIBRARY_PATH=/usr/lib/gcc/x86_64-linux-gnu/8/:/usr/lib/gcc/x86_64-linux-gnu/8/../../../x86_64-linux-gnu/:/usr/lib/gcc/x86_64-linux-gnu/8/../../../../lib/:/lib/x86_64-linux-gnu/:/lib/../lib/:/usr/lib/x86_64-linux-gnu/:/usr/lib/../lib/:/usr/lib/gcc/x86_64-linux-gnu/8/../../../:/lib/:/usr/lib/]
  ignore line: [COLLECT_GCC_OPTIONS='-v' '-rdynamic' '-o' 'cmTC_501ea' '-mtune=generic' '-march=x86-64']
  link line: [ /usr/lib/gcc/x86_64-linux-gnu/8/collect2 -plugin /usr/lib/gcc/x86_64-linux-gnu/8/liblto_plugin.so -plugin-opt=/usr/lib/gcc/x86_64-linux-gnu/8/lto-wrapper -plugin-opt=-fresolution=/tmp/cciUdWYQ.res -plugin-opt=-pass-through=-lgcc -plugin-opt=-pass-through=-lgcc_s -plugin-opt=-pass-through=-lc -plugin-opt=-pass-through=-lgcc -plugin-opt=-pass-through=-lgcc_s --build-id --eh-frame-hdr -m elf_x86_64 --hash-style=gnu -export-dynamic -dynamic-linker /lib64/ld-linux-x86-64.so.2 -pie -o cmTC_501ea /usr/lib/gcc/x86_64-linux-gnu/8/../../../x86_64-linux-gnu/Scrt1.o /usr/lib/gcc/x86_64-linux-gnu/8/../../../x86_64-linux-gnu/crti.o /usr/lib/gcc/x86_64-linux-gnu/8/crtbeginS.o -L/usr/lib/gcc/x86_64-linux-gnu/8 -L/usr/lib/gcc/x86_64-linux-gnu/8/../../../x86_64-linux-gnu -L/usr/lib/gcc/x86_64-linux-gnu/8/../../../../lib -L/lib/x86_64-linux-gnu -L/lib/../lib -L/usr/lib/x86_64-linux-gnu -L/usr/lib/../lib -L/usr/lib/gcc/x86_64-linux-gnu/8/../../.. CMakeFiles/cmTC_501ea.dir/CMakeCCompilerABI.c.o -lgcc --push-state --as-needed -lgcc_s --pop-state -lc -lgcc --push-state --as-needed -lgcc_s --pop-state /usr/lib/gcc/x86_64-linux-gnu/8/crtendS.o /usr/lib/gcc/x86_64-linux-gnu/8/../../../x86_64-linux-gnu/crtn.o]
    arg [/usr/lib/gcc/x86_64-linux-gnu/8/collect2] ==> ignore
    arg [-plugin] ==> ignore
    arg [/usr/lib/gcc/x86_64-linux-gnu/8/liblto_plugin.so] ==> ignore
    arg [-plugin-opt=/usr/lib/gcc/x86_64-linux-gnu/8/lto-wrapper] ==> ignore
    arg [-plugin-opt=-fresolution=/tmp/cciUdWYQ.res] ==> ignore
    arg [-plugin-opt=-pass-through=-lgcc] ==> ignore
    arg [-plugin-opt=-pass-through=-lgcc_s] ==> ignore
    arg [-plugin-opt=-pass-through=-lc] ==> ignore
    arg [-plugin-opt=-pass-through=-lgcc] ==> ignore
    arg [-plugin-opt=-pass-through=-lgcc_s] ==> ignore
    arg [--build-id] ==> ignore
    arg [--eh-frame-hdr] ==> ignore
    arg [-m] ==> ignore
    arg [elf_x86_64] ==> ignore
    arg [--hash-style=gnu] ==> ignore
    arg [-export-dynamic] ==> ignore
    arg [-dynamic-linker] ==> ignore
    arg [/lib64/ld-linux-x86-64.so.2] ==> ignore
    arg [-pie] ==> ignore
    arg [-o] ==> ignore
    arg [cmTC_501ea] ==> ignore
    arg [/usr/lib/gcc/x86_64-linux-gnu/8/../../../x86_64-linux-gnu/Scrt1.o] ==> ignore
    arg [/usr/lib/gcc/x86_64-linux-gnu/8/../../../x86_64-linux-gnu/crti.o] ==> ignore
    arg [/usr/lib/gcc/x86_64-linux-gnu/8/crtbeginS.o] ==> ignore
    arg [-L/usr/lib/gcc/x86_64-linux-gnu/8] ==> dir [/usr/lib/gcc/x86_64-linux-gnu/8]
    arg [-L/usr/lib/gcc/x86_64-linux-gnu/8/../../../x86_64-linux-gnu] ==> dir [/usr/lib/gcc/x86_64-linux-gnu/8/../../../x86_64-linux-gnu]
    arg [-L/usr/lib/gcc/x86_64-linux-gnu/8/../../../../lib] ==> dir [/usr/lib/gcc/x86_64-linux-gnu/8/../../../../lib]
    arg [-L/lib/x86_64-linux-gnu] ==> dir [/lib/x86_64-linux-gnu]
    arg [-L/lib/../lib] ==> dir [/lib/../lib]
    arg [-L/usr/lib/x86_64-linux-gnu] ==> dir [/usr/lib/x86_64-linux-gnu]
    arg [-L/usr/lib/../lib] ==> dir [/usr/lib/../lib]
    arg [-L/usr/lib/gcc/x86_64-linux-gnu/8/../../..] ==> dir [/usr/lib/gcc/x86_64-linux-gnu/8/../../..]
    arg [CMakeFiles/cmTC_501ea.dir/CMakeCCompilerABI.c.o] ==> ignore
    arg [-lgcc] ==> lib [gcc]
    arg [--push-state] ==> ignore
    arg [--as-needed] ==> ignore
    arg [-lgcc_s] ==> lib [gcc_s]
    arg [--pop-state] ==> ignore
    arg [-lc] ==> lib [c]
    arg [-lgcc] ==> lib [gcc]
    arg [--push-state] ==> ignore
    arg [--as-needed] ==> ignore
    arg [-lgcc_s] ==> lib [gcc_s]
    arg [--pop-state] ==> ignore
    arg [/usr/lib/gcc/x86_64-linux-gnu/8/crtendS.o] ==> ignore
    arg [/usr/lib/gcc/x86_64-linux-gnu/8/../../../x86_64-linux-gnu/crtn.o] ==> ignore
  collapse library dir [/usr/lib/gcc/x86_64-linux-gnu/8] ==> [/usr/lib/gcc/x86_64-linux-gnu/8]
  collapse library dir [/usr/lib/gcc/x86_64-linux-gnu/8/../../../x86_64-linux-gnu] ==> [/usr/lib/x86_64-linux-gnu]
  collapse library dir [/usr/lib/gcc/x86_64-linux-gnu/8/../../../../lib] ==> [/usr/lib]
  collapse library dir [/lib/x86_64-linux-gnu] ==> [/lib/x86_64-linux-gnu]
  collapse library dir [/lib/../lib] ==> [/lib]
  collapse library dir [/usr/lib/x86_64-linux-gnu] ==> [/usr/lib/x86_64-linux-gnu]
  collapse library dir [/usr/lib/../lib] ==> [/usr/lib]
  collapse library dir [/usr/lib/gcc/x86_64-linux-gnu/8/../../..] ==> [/usr/lib]
  implicit libs: [gcc;gcc_s;c;gcc;gcc_s]
  implicit dirs: [/usr/lib/gcc/x86_64-linux-gnu/8;/usr/lib/x86_64-linux-gnu;/usr/lib;/lib/x86_64-linux-gnu;/lib]
  implicit fwks: []




Detecting C [-std=c11] compiler features compiled with the following output:
Change Dir: /home/vertrigo/Desktop/OPENGL/icmc-cg/build/glfw/src/glfw-build/CMakeFiles/CMakeTmp

Run Build Command:"/usr/bin/make" "cmTC_4d808/fast"
make[3]: Entering directory '/home/vertrigo/Desktop/OPENGL/icmc-cg/build/glfw/src/glfw-build/CMakeFiles/CMakeTmp'
/usr/bin/make -f CMakeFiles/cmTC_4d808.dir/build.make CMakeFiles/cmTC_4d808.dir/build
make[4]: Entering directory '/home/vertrigo/Desktop/OPENGL/icmc-cg/build/glfw/src/glfw-build/CMakeFiles/CMakeTmp'
Building C object CMakeFiles/cmTC_4d808.dir/feature_tests.c.o
/usr/bin/cc   -std=c11 -o CMakeFiles/cmTC_4d808.dir/feature_tests.c.o   -c /home/vertrigo/Desktop/OPENGL/icmc-cg/build/glfw/src/glfw-build/CMakeFiles/feature_tests.c
Linking C executable cmTC_4d808
/usr/bin/cmake -E cmake_link_script CMakeFiles/cmTC_4d808.dir/link.txt --verbose=1
/usr/bin/cc      -rdynamic CMakeFiles/cmTC_4d808.dir/feature_tests.c.o  -o cmTC_4d808 
make[4]: Leaving directory '/home/vertrigo/Desktop/OPENGL/icmc-cg/build/glfw/src/glfw-build/CMakeFiles/CMakeTmp'
make[3]: Leaving directory '/home/vertrigo/Desktop/OPENGL/icmc-cg/build/glfw/src/glfw-build/CMakeFiles/CMakeTmp'


    Feature record: C_FEATURE:1c_function_prototypes
    Feature record: C_FEATURE:1c_restrict
    Feature record: C_FEATURE:1c_static_assert
    Feature record: C_FEATURE:1c_variadic_macros


Detecting C [-std=c99] compiler features compiled with the following output:
Change Dir: /home/vertrigo/Desktop/OPENGL/icmc-cg/build/glfw/src/glfw-build/CMakeFiles/CMakeTmp

Run Build Command:"/usr/bin/make" "cmTC_c70eb/fast"
make[3]: Entering directory '/home/vertrigo/Desktop/OPENGL/icmc-cg/build/glfw/src/glfw-build/CMakeFiles/CMakeTmp'
/usr/bin/make -f CMakeFiles/cmTC_c70eb.dir/build.make CMakeFiles/cmTC_c70eb.dir/build
make[4]: Entering directory '/home/vertrigo/Desktop/OPENGL/icmc-cg/build/glfw/src/glfw-build/CMakeFiles/CMakeTmp'
Building C object CMakeFiles/cmTC_c70eb.dir/feature_tests.c.o
/usr/bin/cc   -std=c99 -o CMakeFiles/cmTC_c70eb.dir/feature_tests.c.o   -c /home/vertrigo/Desktop/OPENGL/icmc-cg/build/glfw/src/glfw-build/CMakeFiles/feature_tests.c
Linking C executable cmTC_c70eb
/usr/bin/cmake -E cmake_link_script CMakeFiles/cmTC_c70eb.dir/link.txt --verbose=1
/usr/bin/cc      -rdynamic CMakeFiles/cmTC_c70eb.dir/feature_tests.c.o  -o cmTC_c70eb 
make[4]: Leaving directory '/home/vertrigo/Desktop/OPENGL/icmc-cg/build/glfw/src/glfw-build/CMakeFiles/CMakeTmp'
make[3]: Leaving directory '/home/vertrigo/Desktop/OPENGL/icmc-cg/build/glfw/src/glfw-build/CMakeFiles/CMakeTmp'


    Feature record: C_FEATURE:1c_function_prototypes
    Feature record: C_FEATURE:1c_restrict
    Feature record: C_FEATURE:0c_static_assert
    Feature record: C_FEATURE:1c_variadic_macros


Detecting C [-std=c90] compiler features compiled with the following output:
Change Dir: /home/vertrigo/Desktop/OPENGL/icmc-cg/build/glfw/src/glfw-build/CMakeFiles/CMakeTmp

Run Build Command:"/usr/bin/make" "cmTC_22658/fast"
make[3]: Entering directory '/home/vertrigo/Desktop/OPENGL/icmc-cg/build/glfw/src/glfw-build/CMakeFiles/CMakeTmp'
/usr/bin/make -f CMakeFiles/cmTC_22658.dir/build.make CMakeFiles/cmTC_22658.dir/build
make[4]: Entering directory '/home/vertrigo/Desktop/OPENGL/icmc-cg/build/glfw/src/glfw-build/CMakeFiles/CMakeTmp'
Building C object CMakeFiles/cmTC_22658.dir/feature_tests.c.o
/usr/bin/cc   -std=c90 -o CMakeFiles/cmTC_22658.dir/feature_tests.c.o   -c /home/vertrigo/Desktop/OPENGL/icmc-cg/build/glfw/src/glfw-build/CMakeFiles/feature_tests.c
Linking C executable cmTC_22658
/usr/bin/cmake -E cmake_link_script CMakeFiles/cmTC_22658.dir/link.txt --verbose=1
/usr/bin/cc      -rdynamic CMakeFiles/cmTC_22658.dir/feature_tests.c.o  -o cmTC_22658 
make[4]: Leaving directory '/home/vertrigo/Desktop/OPENGL/icmc-cg/build/glfw/src/glfw-build/CMakeFiles/CMakeTmp'
make[3]: Leaving directory '/home/vertrigo/Desktop/OPENGL/icmc-cg/build/glfw/src/glfw-build/CMakeFiles/CMakeTmp'


    Feature record: C_FEATURE:1c_function_prototypes
    Feature record: C_FEATURE:0c_restrict
    Feature record: C_FEATURE:0c_static_assert
    Feature record: C_FEATURE:0c_variadic_macros
Determining if the include file pthread.h exists passed with the following output:
Change Dir: /home/vertrigo/Desktop/OPENGL/icmc-cg/build/glfw/src/glfw-build/CMakeFiles/CMakeTmp

Run Build Command:"/usr/bin/make" "cmTC_c9e7e/fast"
make[3]: Entering directory '/home/vertrigo/Desktop/OPENGL/icmc-cg/build/glfw/src/glfw-build/CMakeFiles/CMakeTmp'
/usr/bin/make -f CMakeFiles/cmTC_c9e7e.dir/build.make CMakeFiles/cmTC_c9e7e.dir/build
make[4]: Entering directory '/home/vertrigo/Desktop/OPENGL/icmc-cg/build/glfw/src/glfw-build/CMakeFiles/CMakeTmp'
Building C object CMakeFiles/cmTC_c9e7e.dir/CheckIncludeFile.c.o
/usr/bin/cc    -o CMakeFiles/cmTC_c9e7e.dir/CheckIncludeFile.c.o   -c /home/vertrigo/Desktop/OPENGL/icmc-cg/build/glfw/src/glfw-build/CMakeFiles/CMakeTmp/CheckIncludeFile.c
Linking C executable cmTC_c9e7e
/usr/bin/cmake -E cmake_link_script CMakeFiles/cmTC_c9e7e.dir/link.txt --verbose=1
/usr/bin/cc      -rdynamic CMakeFiles/cmTC_c9e7e.dir/CheckIncludeFile.c.o  -o cmTC_c9e7e 
make[4]: Leaving directory '/home/vertrigo/Desktop/OPENGL/icmc-cg/build/glfw/src/glfw-build/CMakeFiles/CMakeTmp'
make[3]: Leaving directory '/home/vertrigo/Desktop/OPENGL/icmc-cg/build/glfw/src/glfw-build/CMakeFiles/CMakeTmp'


Determining if the function pthread_create exists in the pthread passed with the following output:
Change Dir: /home/vertrigo/Desktop/OPENGL/icmc-cg/build/glfw/src/glfw-build/CMakeFiles/CMakeTmp

Run Build Command:"/usr/bin/make" "cmTC_c6ee0/fast"
make[3]: Entering directory '/home/vertrigo/Desktop/OPENGL/icmc-cg/build/glfw/src/glfw-build/CMakeFiles/CMakeTmp'
/usr/bin/make -f CMakeFiles/cmTC_c6ee0.dir/build.make CMakeFiles/cmTC_c6ee0.dir/build
make[4]: Entering directory '/home/vertrigo/Desktop/OPENGL/icmc-cg/build/glfw/src/glfw-build/CMakeFiles/CMakeTmp'
Building C object CMakeFiles/cmTC_c6ee0.dir/CheckFunctionExists.c.o
/usr/bin/cc   -DCHECK_FUNCTION_EXISTS=pthread_create   -o CMakeFiles/cmTC_c6ee0.dir/CheckFunctionExists.c.o   -c /usr/share/cmake-3.13/Modules/CheckFunctionExists.c
Linking C executable cmTC_c6ee0
/usr/bin/cmake -E cmake_link_script CMakeFiles/cmTC_c6ee0.dir/link.txt --verbose=1
/usr/bin/cc  -DCHECK_FUNCTION_EXISTS=pthread_create    -rdynamic CMakeFiles/cmTC_c6ee0.dir/CheckFunctionExists.c.o  -o cmTC_c6ee0 -lpthread 
make[4]: Leaving directory '/home/vertrigo/Desktop/OPENGL/icmc-cg/build/glfw/src/glfw-build/CMakeFiles/CMakeTmp'
make[3]: Leaving directory '/home/vertrigo/Desktop/OPENGL/icmc-cg/build/glfw/src/glfw-build/CMakeFiles/CMakeTmp'


Determining if the function XOpenDisplay exists in the /usr/lib/x86_64-linux-gnu/libX11.so;/usr/lib/x86_64-linux-gnu/libXext.so passed with the following output:
Change Dir: /home/vertrigo/Desktop/OPENGL/icmc-cg/build/glfw/src/glfw-build/CMakeFiles/CMakeTmp

Run Build Command:"/usr/bin/make" "cmTC_48439/fast"
make[3]: Entering directory '/home/vertrigo/Desktop/OPENGL/icmc-cg/build/glfw/src/glfw-build/CMakeFiles/CMakeTmp'
/usr/bin/make -f CMakeFiles/cmTC_48439.dir/build.make CMakeFiles/cmTC_48439.dir/build
make[4]: Entering directory '/home/vertrigo/Desktop/OPENGL/icmc-cg/build/glfw/src/glfw-build/CMakeFiles/CMakeTmp'
Building C object CMakeFiles/cmTC_48439.dir/CheckFunctionExists.c.o
/usr/bin/cc   -DCHECK_FUNCTION_EXISTS=XOpenDisplay   -o CMakeFiles/cmTC_48439.dir/CheckFunctionExists.c.o   -c /usr/share/cmake-3.13/Modules/CheckFunctionExists.c
Linking C executable cmTC_48439
/usr/bin/cmake -E cmake_link_script CMakeFiles/cmTC_48439.dir/link.txt --verbose=1
/usr/bin/cc  -DCHECK_FUNCTION_EXISTS=XOpenDisplay    -rdynamic CMakeFiles/cmTC_48439.dir/CheckFunctionExists.c.o  -o cmTC_48439 /usr/lib/x86_64-linux-gnu/libX11.so /usr/lib/x86_64-linux-gnu/libXext.so 
make[4]: Leaving directory '/home/vertrigo/Desktop/OPENGL/icmc-cg/build/glfw/src/glfw-build/CMakeFiles/CMakeTmp'
make[3]: Leaving directory '/home/vertrigo/Desktop/OPENGL/icmc-cg/build/glfw/src/glfw-build/CMakeFiles/CMakeTmp'


Determining if the function gethostbyname exists passed with the following output:
Change Dir: /home/vertrigo/Desktop/OPENGL/icmc-cg/build/glfw/src/glfw-build/CMakeFiles/CMakeTmp

Run Build Command:"/usr/bin/make" "cmTC_a178d/fast"
make[3]: Entering directory '/home/vertrigo/Desktop/OPENGL/icmc-cg/build/glfw/src/glfw-build/CMakeFiles/CMakeTmp'
/usr/bin/make -f CMakeFiles/cmTC_a178d.dir/build.make CMakeFiles/cmTC_a178d.dir/build
make[4]: Entering directory '/home/vertrigo/Desktop/OPENGL/icmc-cg/build/glfw/src/glfw-build/CMakeFiles/CMakeTmp'
Building C object CMakeFiles/cmTC_a178d.dir/CheckFunctionExists.c.o
/usr/bin/cc   -DCHECK_FUNCTION_EXISTS=gethostbyname   -o CMakeFiles/cmTC_a178d.dir/CheckFunctionExists.c.o   -c /usr/share/cmake-3.13/Modules/CheckFunctionExists.c
Linking C executable cmTC_a178d
/usr/bin/cmake -E cmake_link_script CMakeFiles/cmTC_a178d.dir/link.txt --verbose=1
/usr/bin/cc  -DCHECK_FUNCTION_EXISTS=gethostbyname    -rdynamic CMakeFiles/cmTC_a178d.dir/CheckFunctionExists.c.o  -o cmTC_a178d 
make[4]: Leaving directory '/home/vertrigo/Desktop/OPENGL/icmc-cg/build/glfw/src/glfw-build/CMakeFiles/CMakeTmp'
make[3]: Leaving directory '/home/vertrigo/Desktop/OPENGL/icmc-cg/build/glfw/src/glfw-build/CMakeFiles/CMakeTmp'


Determining if the function connect exists passed with the following output:
Change Dir: /home/vertrigo/Desktop/OPENGL/icmc-cg/build/glfw/src/glfw-build/CMakeFiles/CMakeTmp

Run Build Command:"/usr/bin/make" "cmTC_79e6e/fast"
make[3]: Entering directory '/home/vertrigo/Desktop/OPENGL/icmc-cg/build/glfw/src/glfw-build/CMakeFiles/CMakeTmp'
/usr/bin/make -f CMakeFiles/cmTC_79e6e.dir/build.make CMakeFiles/cmTC_79e6e.dir/build
make[4]: Entering directory '/home/vertrigo/Desktop/OPENGL/icmc-cg/build/glfw/src/glfw-build/CMakeFiles/CMakeTmp'
Building C object CMakeFiles/cmTC_79e6e.dir/CheckFunctionExists.c.o
/usr/bin/cc   -DCHECK_FUNCTION_EXISTS=connect   -o CMakeFiles/cmTC_79e6e.dir/CheckFunctionExists.c.o   -c /usr/share/cmake-3.13/Modules/CheckFunctionExists.c
Linking C executable cmTC_79e6e
/usr/bin/cmake -E cmake_link_script CMakeFiles/cmTC_79e6e.dir/link.txt --verbose=1
/usr/bin/cc  -DCHECK_FUNCTION_EXISTS=connect    -rdynamic CMakeFiles/cmTC_79e6e.dir/CheckFunctionExists.c.o  -o cmTC_79e6e 
make[4]: Leaving directory '/home/vertrigo/Desktop/OPENGL/icmc-cg/build/glfw/src/glfw-build/CMakeFiles/CMakeTmp'
make[3]: Leaving directory '/home/vertrigo/Desktop/OPENGL/icmc-cg/build/glfw/src/glfw-build/CMakeFiles/CMakeTmp'


Determining if the function remove exists passed with the following output:
Change Dir: /home/vertrigo/Desktop/OPENGL/icmc-cg/build/glfw/src/glfw-build/CMakeFiles/CMakeTmp

Run Build Command:"/usr/bin/make" "cmTC_1464b/fast"
make[3]: Entering directory '/home/vertrigo/Desktop/OPENGL/icmc-cg/build/glfw/src/glfw-build/CMakeFiles/CMakeTmp'
/usr/bin/make -f CMakeFiles/cmTC_1464b.dir/build.make CMakeFiles/cmTC_1464b.dir/build
make[4]: Entering directory '/home/vertrigo/Desktop/OPENGL/icmc-cg/build/glfw/src/glfw-build/CMakeFiles/CMakeTmp'
Building C object CMakeFiles/cmTC_1464b.dir/CheckFunctionExists.c.o
/usr/bin/cc   -DCHECK_FUNCTION_EXISTS=remove   -o CMakeFiles/cmTC_1464b.dir/CheckFunctionExists.c.o   -c /usr/share/cmake-3.13/Modules/CheckFunctionExists.c
Linking C executable cmTC_1464b
/usr/bin/cmake -E cmake_link_script CMakeFiles/cmTC_1464b.dir/link.txt --verbose=1
/usr/bin/cc  -DCHECK_FUNCTION_EXISTS=remove    -rdynamic CMakeFiles/cmTC_1464b.dir/CheckFunctionExists.c.o  -o cmTC_1464b 
make[4]: Leaving directory '/home/vertrigo/Desktop/OPENGL/icmc-cg/build/glfw/src/glfw-build/CMakeFiles/CMakeTmp'
make[3]: Leaving directory '/home/vertrigo/Desktop/OPENGL/icmc-cg/build/glfw/src/glfw-build/CMakeFiles/CMakeTmp'


Determining if the function shmat exists passed with the following output:
Change Dir: /home/vertrigo/Desktop/OPENGL/icmc-cg/build/glfw/src/glfw-build/CMakeFiles/CMakeTmp

Run Build Command:"/usr/bin/make" "cmTC_f8326/fast"
make[3]: Entering directory '/home/vertrigo/Desktop/OPENGL/icmc-cg/build/glfw/src/glfw-build/CMakeFiles/CMakeTmp'
/usr/bin/make -f CMakeFiles/cmTC_f8326.dir/build.make CMakeFiles/cmTC_f8326.dir/build
make[4]: Entering directory '/home/vertrigo/Desktop/OPENGL/icmc-cg/build/glfw/src/glfw-build/CMakeFiles/CMakeTmp'
Building C object CMakeFiles/cmTC_f8326.dir/CheckFunctionExists.c.o
/usr/bin/cc   -DCHECK_FUNCTION_EXISTS=shmat   -o CMakeFiles/cmTC_f8326.dir/CheckFunctionExists.c.o   -c /usr/share/cmake-3.13/Modules/CheckFunctionExists.c
Linking C executable cmTC_f8326
/usr/bin/cmake -E cmake_link_script CMakeFiles/cmTC_f8326.dir/link.txt --verbose=1
/usr/bin/cc  -DCHECK_FUNCTION_EXISTS=shmat    -rdynamic CMakeFiles/cmTC_f8326.dir/CheckFunctionExists.c.o  -o cmTC_f8326 
make[4]: Leaving directory '/home/vertrigo/Desktop/OPENGL/icmc-cg/build/glfw/src/glfw-build/CMakeFiles/CMakeTmp'
make[3]: Leaving directory '/home/vertrigo/Desktop/OPENGL/icmc-cg/build/glfw/src/glfw-build/CMakeFiles/CMakeTmp'


Determining if the function IceConnectionNumber exists in the ICE passed with the following output:
Change Dir: /home/vertrigo/Desktop/OPENGL/icmc-cg/build/glfw/src/glfw-build/CMakeFiles/CMakeTmp

Run Build Command:"/usr/bin/make" "cmTC_48a65/fast"
make[3]: Entering directory '/home/vertrigo/Desktop/OPENGL/icmc-cg/build/glfw/src/glfw-build/CMakeFiles/CMakeTmp'
/usr/bin/make -f CMakeFiles/cmTC_48a65.dir/build.make CMakeFiles/cmTC_48a65.dir/build
make[4]: Entering directory '/home/vertrigo/Desktop/OPENGL/icmc-cg/build/glfw/src/glfw-build/CMakeFiles/CMakeTmp'
Building C object CMakeFiles/cmTC_48a65.dir/CheckFunctionExists.c.o
/usr/bin/cc   -DCHECK_FUNCTION_EXISTS=IceConnectionNumber   -o CMakeFiles/cmTC_48a65.dir/CheckFunctionExists.c.o   -c /usr/share/cmake-3.13/Modules/CheckFunctionExists.c
Linking C executable cmTC_48a65
/usr/bin/cmake -E cmake_link_script CMakeFiles/cmTC_48a65.dir/link.txt --verbose=1
/usr/bin/cc  -DCHECK_FUNCTION_EXISTS=IceConnectionNumber    -rdynamic CMakeFiles/cmTC_48a65.dir/CheckFunctionExists.c.o  -o cmTC_48a65 -lICE 
make[4]: Leaving directory '/home/vertrigo/Desktop/OPENGL/icmc-cg/build/glfw/src/glfw-build/CMakeFiles/CMakeTmp'
make[3]: Leaving directory '/home/vertrigo/Desktop/OPENGL/icmc-cg/build/glfw/src/glfw-build/CMakeFiles/CMakeTmp'


